In file included from C:\Users\ishan\ECT_110_vitis\cnn\accelerator.cpp:2:
In file included from C:\Users\ishan\ECT_110_vitis\cnn/systolic_array.h:4:
In file included from C:\Users\ishan\ECT_110_vitis\cnn/pe.h:4:
C:\Users\ishan\ECT_110_vitis\cnn/approx_mac.h:8:9: error: Invalid Directive: for current device, mul + dsp is invalid combination for bind_op
#pragma HLS bind_op variable=a op=mul impl=dsp
        ^
C:\Users\ishan\ECT_110_vitis\cnn/approx_mac.h:36:9: error: Invalid Directive: for current device, mul + dsp is invalid combination for bind_op
#pragma HLS bind_op variable=A op=mul impl=dsp
        ^
C:\Users\ishan\ECT_110_vitis\cnn/approx_mac.h:56:9: error: Invalid Directive: for current device, mul + dsp is invalid combination for bind_op
#pragma HLS bind_op variable=A op=mul impl=dsp
        ^
C:\Users\ishan\ECT_110_vitis\cnn\accelerator.cpp:35:47: error: Invalid Directive: for current device, ram_2p + bram is invalid combination for BIND_STORAGE's option 'type + impl'
#pragma HLS bind_storage variable=in_buf type=ram_2p impl=bram
                                              ^
C:\Users\ishan\ECT_110_vitis\cnn\accelerator.cpp:36:48: error: Invalid Directive: for current device, ram_2p + bram is invalid combination for BIND_STORAGE's option 'type + impl'
#pragma HLS bind_storage variable=out_buf type=ram_2p impl=bram
                                               ^
In file included from C:\Users\ishan\ECT_110_vitis\cnn\accelerator.cpp:1:
In file included from C:\Users\ishan\ECT_110_vitis\cnn/accelerator.h:4:
In file included from C:/Xilinx/2025.1/Vitis/common/technology/autopilot\ap_int.h:12:
C:/Xilinx/2025.1/Vitis/common/technology/autopilot\etc/ap_int_ref.h:264:16: error: template argument for template type parameter must be a type
    tmpVal.V = _AP_ROOT_op_set_range(tmpVal.V, 0, W_ref2 - 1, v2.V);
               ^~~~~~~~~~~~~~~~~~~~~~~~~~~~~~~~~~~~~~~~~~~~~~~~~~~~
C:/Xilinx/2025.1/Vitis/common/technology/autopilot\etc/ap_common.h:660:3: note: expanded from macro '_AP_ROOT_op_set_range'
  _ssdm_op_set_range(Val, Lo, Hi, Repl)
  ^~~~~~~~~~~~~~~~~~~~~~~~~~~~~~~~~~~~~
C:/Xilinx/2025.1/Vitis/common/technology/autopilot\etc/ap_common.h:586:37: note: expanded from macro '_ssdm_op_set_range'
    typename _ap_type::remove_const<typeof(Val)>::type __Result__ = 0; \
                                    ^~~~~~~~~~~
C:/Xilinx/2025.1/Vitis/common/technology/autopilot\ap_int.h:74:9: note: in instantiation of function template specialization 'ap_int_base<8, true>::ap_int_base<4, ap_int_base<4, true>, 4, ap_int_base<4, true> >' requested here
      : Base(ref) {}
        ^
C:\Users\ishan\ECT_110_vitis\cnn/approx_mac.h:33:19: note: in instantiation of function template specialization 'ap_int<8>::ap_int<4, ap_int_base<4, true>, 4, ap_int_base<4, true> >' requested here
    ap_int<8> A = (a1, a0);
                  ^
C:/Xilinx/2025.1/Vitis/common/technology/autopilot\etc/ap_common.h:223:20: note: template parameter is declared here
template <typename _Tp>
                   ^
In file included from C:\Users\ishan\ECT_110_vitis\cnn\accelerator.cpp:1:
In file included from C:\Users\ishan\ECT_110_vitis\cnn/accelerator.h:4:
In file included from C:/Xilinx/2025.1/Vitis/common/technology/autopilot\ap_int.h:12:
C:/Xilinx/2025.1/Vitis/common/technology/autopilot\etc/ap_int_ref.h:264:16: error: expected a qualified name after 'typename'
    tmpVal.V = _AP_ROOT_op_set_range(tmpVal.V, 0, W_ref2 - 1, v2.V);
               ^
C:/Xilinx/2025.1/Vitis/common/technology/autopilot\etc/ap_common.h:660:3: note: expanded from macro '_AP_ROOT_op_set_range'
  _ssdm_op_set_range(Val, Lo, Hi, Repl)
  ^
C:/Xilinx/2025.1/Vitis/common/technology/autopilot\etc/ap_common.h:586:51: note: expanded from macro '_ssdm_op_set_range'
    typename _ap_type::remove_const<typeof(Val)>::type __Result__ = 0; \
                                                  ^
In file included from C:\Users\ishan\ECT_110_vitis\cnn\accelerator.cpp:1:
In file included from C:\Users\ishan\ECT_110_vitis\cnn/accelerator.h:4:
In file included from C:/Xilinx/2025.1/Vitis/common/technology/autopilot\ap_int.h:12:
C:/Xilinx/2025.1/Vitis/common/technology/autopilot\etc/ap_int_ref.h:264:16: error: unknown type name 'type'
C:/Xilinx/2025.1/Vitis/common/technology/autopilot\etc/ap_common.h:660:3: note: expanded from macro '_AP_ROOT_op_set_range'
  _ssdm_op_set_range(Val, Lo, Hi, Repl)
  ^
C:/Xilinx/2025.1/Vitis/common/technology/autopilot\etc/ap_common.h:586:51: note: expanded from macro '_ssdm_op_set_range'
    typename _ap_type::remove_const<typeof(Val)>::type __Result__ = 0; \
                                                  ^
In file included from C:\Users\ishan\ECT_110_vitis\cnn\accelerator.cpp:1:
In file included from C:\Users\ishan\ECT_110_vitis\cnn/accelerator.h:4:
In file included from C:/Xilinx/2025.1/Vitis/common/technology/autopilot\ap_int.h:12:
C:/Xilinx/2025.1/Vitis/common/technology/autopilot\etc/ap_int_ref.h:264:16: error: expected ';' after expression
C:/Xilinx/2025.1/Vitis/common/technology/autopilot\etc/ap_common.h:660:3: note: expanded from macro '_AP_ROOT_op_set_range'
  _ssdm_op_set_range(Val, Lo, Hi, Repl)
  ^
C:/Xilinx/2025.1/Vitis/common/technology/autopilot\etc/ap_common.h:587:17: note: expanded from macro '_ssdm_op_set_range'
    typeof(Val) __Val2__ = Val;                                        \
                ^
In file included from C:\Users\ishan\ECT_110_vitis\cnn\accelerator.cpp:1:
In file included from C:\Users\ishan\ECT_110_vitis\cnn/accelerator.h:4:
In file included from C:/Xilinx/2025.1/Vitis/common/technology/autopilot\ap_int.h:12:
C:/Xilinx/2025.1/Vitis/common/technology/autopilot\etc/ap_int_ref.h:264:16: error: use of undeclared identifier '__Val2__'
C:/Xilinx/2025.1/Vitis/common/technology/autopilot\etc/ap_common.h:660:3: note: expanded from macro '_AP_ROOT_op_set_range'
  _ssdm_op_set_range(Val, Lo, Hi, Repl)
  ^
C:/Xilinx/2025.1/Vitis/common/technology/autopilot\etc/ap_common.h:587:17: note: expanded from macro '_ssdm_op_set_range'
    typeof(Val) __Val2__ = Val;                                        \
                ^
In file included from C:\Users\ishan\ECT_110_vitis\cnn\accelerator.cpp:1:
In file included from C:\Users\ishan\ECT_110_vitis\cnn/accelerator.h:4:
In file included from C:/Xilinx/2025.1/Vitis/common/technology/autopilot\ap_int.h:12:
C:/Xilinx/2025.1/Vitis/common/technology/autopilot\etc/ap_int_ref.h:264:16: error: expected ';' after expression
C:/Xilinx/2025.1/Vitis/common/technology/autopilot\etc/ap_common.h:660:3: note: expanded from macro '_AP_ROOT_op_set_range'
  _ssdm_op_set_range(Val, Lo, Hi, Repl)
  ^
C:/Xilinx/2025.1/Vitis/common/technology/autopilot\etc/ap_common.h:588:18: note: expanded from macro '_ssdm_op_set_range'
    typeof(Repl) __Repl2__ = Repl;                                     \
                 ^
In file included from C:\Users\ishan\ECT_110_vitis\cnn\accelerator.cpp:1:
In file included from C:\Users\ishan\ECT_110_vitis\cnn/accelerator.h:4:
In file included from C:/Xilinx/2025.1/Vitis/common/technology/autopilot\ap_int.h:12:
C:/Xilinx/2025.1/Vitis/common/technology/autopilot\etc/ap_int_ref.h:264:16: error: use of undeclared identifier '__Repl2__'
C:/Xilinx/2025.1/Vitis/common/technology/autopilot\etc/ap_common.h:660:3: note: expanded from macro '_AP_ROOT_op_set_range'
  _ssdm_op_set_range(Val, Lo, Hi, Repl)
  ^
C:/Xilinx/2025.1/Vitis/common/technology/autopilot\etc/ap_common.h:588:18: note: expanded from macro '_ssdm_op_set_range'
    typeof(Repl) __Repl2__ = Repl;                                     \
                 ^
In file included from C:\Users\ishan\ECT_110_vitis\cnn\accelerator.cpp:1:
In file included from C:\Users\ishan\ECT_110_vitis\cnn/accelerator.h:4:
In file included from C:/Xilinx/2025.1/Vitis/common/technology/autopilot\ap_int.h:12:
C:/Xilinx/2025.1/Vitis/common/technology/autopilot\etc/ap_int_ref.h:264:16: error: use of undeclared identifier '__Val2__'
C:/Xilinx/2025.1/Vitis/common/technology/autopilot\etc/ap_common.h:660:3: note: expanded from macro '_AP_ROOT_op_set_range'
  _ssdm_op_set_range(Val, Lo, Hi, Repl)
  ^
C:/Xilinx/2025.1/Vitis/common/technology/autopilot\etc/ap_common.h:589:59: note: expanded from macro '_ssdm_op_set_range'
    __builtin_bit_part_set((void*)(&__Result__), (void*)(&__Val2__),   \
                                                          ^
In file included from C:\Users\ishan\ECT_110_vitis\cnn\accelerator.cpp:1:
In file included from C:\Users\ishan\ECT_110_vitis\cnn/accelerator.h:4:
In file included from C:/Xilinx/2025.1/Vitis/common/technology/autopilot\ap_int.h:12:
C:/Xilinx/2025.1/Vitis/common/technology/autopilot\etc/ap_int_ref.h:264:16: error: use of undeclared identifier '__Repl2__'
C:/Xilinx/2025.1/Vitis/common/technology/autopilot\etc/ap_common.h:660:3: note: expanded from macro '_AP_ROOT_op_set_range'
  _ssdm_op_set_range(Val, Lo, Hi, Repl)
  ^
C:/Xilinx/2025.1/Vitis/common/technology/autopilot\etc/ap_common.h:590:37: note: expanded from macro '_ssdm_op_set_range'
                           (void*)(&__Repl2__), Lo, Hi);               \
                                    ^
In file included from C:\Users\ishan\ECT_110_vitis\cnn\accelerator.cpp:1:
In file included from C:\Users\ishan\ECT_110_vitis\cnn/accelerator.h:4:
In file included from C:/Xilinx/2025.1/Vitis/common/technology/autopilot\ap_int.h:12:
C:/Xilinx/2025.1/Vitis/common/technology/autopilot\etc/ap_int_ref.h:266:9: error: template argument for template type parameter must be a type
        _AP_ROOT_op_set_range(tmpVal.V, W_ref2, W_ref1 + W_ref2 - 1, v1.V);
        ^~~~~~~~~~~~~~~~~~~~~~~~~~~~~~~~~~~~~~~~~~~~~~~~~~~~~~~~~~~~~~~~~~
C:/Xilinx/2025.1/Vitis/common/technology/autopilot\etc/ap_common.h:660:3: note: expanded from macro '_AP_ROOT_op_set_range'
  _ssdm_op_set_range(Val, Lo, Hi, Repl)
  ^~~~~~~~~~~~~~~~~~~~~~~~~~~~~~~~~~~~~
C:/Xilinx/2025.1/Vitis/common/technology/autopilot\etc/ap_common.h:586:37: note: expanded from macro '_ssdm_op_set_range'
    typename _ap_type::remove_const<typeof(Val)>::type __Result__ = 0; \
                                    ^~~~~~~~~~~
C:/Xilinx/2025.1/Vitis/common/technology/autopilot\etc/ap_common.h:223:20: note: template parameter is declared here
template <typename _Tp>
                   ^
In file included from C:\Users\ishan\ECT_110_vitis\cnn\accelerator.cpp:1:
In file included from C:\Users\ishan\ECT_110_vitis\cnn/accelerator.h:4:
In file included from C:/Xilinx/2025.1/Vitis/common/technology/autopilot\ap_int.h:12:
C:/Xilinx/2025.1/Vitis/common/technology/autopilot\etc/ap_int_ref.h:266:9: error: expected a qualified name after 'typename'
        _AP_ROOT_op_set_range(tmpVal.V, W_ref2, W_ref1 + W_ref2 - 1, v1.V);
        ^
C:/Xilinx/2025.1/Vitis/common/technology/autopilot\etc/ap_common.h:660:3: note: expanded from macro '_AP_ROOT_op_set_range'
  _ssdm_op_set_range(Val, Lo, Hi, Repl)
  ^
C:/Xilinx/2025.1/Vitis/common/technology/autopilot\etc/ap_common.h:586:51: note: expanded from macro '_ssdm_op_set_range'
    typename _ap_type::remove_const<typeof(Val)>::type __Result__ = 0; \
                                                  ^
In file included from C:\Users\ishan\ECT_110_vitis\cnn\accelerator.cpp:1:
In file included from C:\Users\ishan\ECT_110_vitis\cnn/accelerator.h:4:
In file included from C:/Xilinx/2025.1/Vitis/common/technology/autopilot\ap_int.h:12:
C:/Xilinx/2025.1/Vitis/common/technology/autopilot\etc/ap_int_ref.h:266:9: error: unknown type name 'type'
C:/Xilinx/2025.1/Vitis/common/technology/autopilot\etc/ap_common.h:660:3: note: expanded from macro '_AP_ROOT_op_set_range'
  _ssdm_op_set_range(Val, Lo, Hi, Repl)
  ^
C:/Xilinx/2025.1/Vitis/common/technology/autopilot\etc/ap_common.h:586:51: note: expanded from macro '_ssdm_op_set_range'
    typename _ap_type::remove_const<typeof(Val)>::type __Result__ = 0; \
                                                  ^
In file included from C:\Users\ishan\ECT_110_vitis\cnn\accelerator.cpp:1:
In file included from C:\Users\ishan\ECT_110_vitis\cnn/accelerator.h:4:
In file included from C:/Xilinx/2025.1/Vitis/common/technology/autopilot\ap_int.h:12:
C:/Xilinx/2025.1/Vitis/common/technology/autopilot\etc/ap_int_ref.h:266:9: error: expected ';' after expression
C:/Xilinx/2025.1/Vitis/common/technology/autopilot\etc/ap_common.h:660:3: note: expanded from macro '_AP_ROOT_op_set_range'
  _ssdm_op_set_range(Val, Lo, Hi, Repl)
  ^
C:/Xilinx/2025.1/Vitis/common/technology/autopilot\etc/ap_common.h:587:17: note: expanded from macro '_ssdm_op_set_range'
    typeof(Val) __Val2__ = Val;                                        \
                ^
In file included from C:\Users\ishan\ECT_110_vitis\cnn\accelerator.cpp:1:
In file included from C:\Users\ishan\ECT_110_vitis\cnn/accelerator.h:4:
In file included from C:/Xilinx/2025.1/Vitis/common/technology/autopilot\ap_int.h:12:
C:/Xilinx/2025.1/Vitis/common/technology/autopilot\etc/ap_int_ref.h:266:9: error: use of undeclared identifier '__Val2__'
C:/Xilinx/2025.1/Vitis/common/technology/autopilot\etc/ap_common.h:660:3: note: expanded from macro '_AP_ROOT_op_set_range'
  _ssdm_op_set_range(Val, Lo, Hi, Repl)
  ^
C:/Xilinx/2025.1/Vitis/common/technology/autopilot\etc/ap_common.h:587:17: note: expanded from macro '_ssdm_op_set_range'
    typeof(Val) __Val2__ = Val;                                        \
                ^
fatal error: too many errors emitted, stopping now [-ferror-limit=]
